TN:
SF:C:\Users\aaymahaj\Desktop\bpa\src\polyfills.ts
FNF:0
FNH:0
LF:0
LH:0
BRF:0
BRH:0
end_of_record
TN:
SF:C:\Users\aaymahaj\Desktop\bpa\src\test.ts
FNF:0
FNH:0
DA:13,1
DA:18,1
DA:20,1
LF:3
LH:3
BRF:0
BRH:0
end_of_record
TN:
SF:C:\Users\aaymahaj\Desktop\bpa\src\app\components\active-services\active-services.component.ts
FN:15,(anonymous_0)
FN:22,ActiveServicesComponent
FN:45,(anonymous_2)
FN:61,(anonymous_3)
FN:31,(anonymous_4)
FN:32,(anonymous_5)
FN:34,(anonymous_6)
FN:42,(anonymous_7)
FN:52,(anonymous_8)
FN:79,(anonymous_9)
FN:82,(anonymous_10)
FN:85,(anonymous_11)
FN:90,(anonymous_12)
FN:92,(anonymous_13)
FN:134,(anonymous_14)
FN:138,(anonymous_15)
FN:145,(anonymous_16)
FNF:17
FNH:16
FNDA:1,(anonymous_0)
FNDA:11,ActiveServicesComponent
FNDA:1,(anonymous_2)
FNDA:0,(anonymous_3)
FNDA:12,(anonymous_4)
FNDA:11,(anonymous_5)
FNDA:11,(anonymous_6)
FNDA:1,(anonymous_7)
FNDA:1,(anonymous_8)
FNDA:1,(anonymous_9)
FNDA:1,(anonymous_10)
FNDA:1,(anonymous_11)
FNDA:1,(anonymous_12)
FNDA:2,(anonymous_13)
FNDA:1,(anonymous_14)
FNDA:2,(anonymous_15)
FNDA:1,(anonymous_16)
DA:15,1
DA:17,11
DA:18,11
DA:22,11
DA:29,11
DA:31,12
DA:32,12
DA:33,11
DA:34,11
DA:35,11
DA:36,11
DA:38,11
DA:39,11
DA:40,11
DA:42,1
DA:45,11
DA:47,1
DA:48,1
DA:50,1
DA:52,1
DA:53,1
DA:56,11
DA:61,0
DA:79,1
DA:80,1
DA:82,1
DA:83,1
DA:85,1
DA:86,1
DA:87,1
DA:90,1
DA:91,1
DA:92,1
DA:94,2
DA:95,2
DA:105,1
DA:106,1
DA:107,1
DA:108,1
DA:110,0
DA:111,1
DA:112,1
DA:134,1
DA:135,1
DA:136,1
DA:138,1
DA:139,2
DA:140,1
DA:142,1
DA:145,1
DA:146,1
DA:148,1
LF:52
LH:50
BRDA:38,0,0,0
BRDA:38,0,1,11
BRDA:38,1,0,11
BRDA:38,1,1,11
BRDA:94,2,0,2
BRDA:94,2,1,0
BRDA:106,3,0,1
BRDA:106,3,1,0
BRDA:139,4,0,1
BRDA:139,4,1,1
BRF:10
BRH:7
end_of_record
TN:
SF:C:\Users\aaymahaj\Desktop\bpa\src\app\components\utils\active-services-icon\active-services-icon.component.ts
FN:8,(anonymous_0)
FN:10,ActiveServicesIconComponent
FN:13,(anonymous_2)
FN:17,(anonymous_3)
FN:20,(anonymous_4)
FN:30,(anonymous_5)
FN:39,(anonymous_6)
FNF:7
FNH:1
FNDA:1,(anonymous_0)
FNDA:0,ActiveServicesIconComponent
FNDA:0,(anonymous_2)
FNDA:0,(anonymous_3)
FNDA:0,(anonymous_4)
FNDA:0,(anonymous_5)
FNDA:0,(anonymous_6)
DA:8,1
DA:13,1
DA:15,0
DA:17,1
DA:18,0
DA:20,1
DA:21,0
DA:22,0
DA:26,0
DA:30,1
DA:31,0
DA:32,0
DA:36,0
DA:39,1
DA:41,1
LF:15
LH:7
BRDA:21,0,0,0
BRDA:21,0,1,0
BRDA:31,1,0,0
BRDA:31,1,1,0
BRF:4
BRH:0
end_of_record
TN:
SF:C:\Users\aaymahaj\Desktop\bpa\src\app\components\utils\timeline\timeline.component.ts
FN:8,(anonymous_0)
FN:13,TimelineComponent
FN:17,(anonymous_2)
FNF:3
FNH:1
FNDA:1,(anonymous_0)
FNDA:0,TimelineComponent
FNDA:0,(anonymous_2)
DA:8,1
DA:11,1
DA:17,1
DA:18,1
LF:4
LH:4
BRF:0
BRH:0
end_of_record
TN:
SF:C:\Users\aaymahaj\Desktop\bpa\src\app\components\utils\user-actions-download-csv\user-actions-download-csv.component.ts
FN:10,(anonymous_0)
FN:12,UserActionsDownloadCsvComponent
FN:14,(anonymous_2)
FN:17,(anonymous_3)
FN:21,(anonymous_4)
FN:24,(anonymous_5)
FNF:6
FNH:1
FNDA:1,(anonymous_0)
FNDA:0,UserActionsDownloadCsvComponent
FNDA:0,(anonymous_2)
FNDA:0,(anonymous_3)
FNDA:0,(anonymous_4)
FNDA:0,(anonymous_5)
DA:10,1
DA:14,1
DA:15,0
DA:17,1
DA:18,0
DA:21,1
DA:24,1
DA:25,0
DA:28,1
LF:9
LH:6
BRF:0
BRH:0
end_of_record
TN:
SF:C:\Users\aaymahaj\Desktop\bpa\src\app\service\bpa.service.ts
FN:8,(anonymous_0)
FN:31,BpaService
FN:44,(anonymous_2)
FN:49,(anonymous_3)
FN:72,(anonymous_4)
FN:83,(anonymous_5)
FN:97,(anonymous_6)
FN:102,(anonymous_7)
FN:107,(anonymous_8)
FN:119,(anonymous_9)
FN:131,(anonymous_10)
FN:141,(anonymous_11)
FN:152,(anonymous_12)
FN:163,(anonymous_13)
FN:174,(anonymous_14)
FN:184,(anonymous_15)
FN:195,(anonymous_16)
FN:200,(anonymous_17)
FN:206,(anonymous_18)
FN:214,(anonymous_19)
FN:227,(anonymous_20)
FN:232,(anonymous_21)
FN:242,(anonymous_22)
FN:247,(anonymous_23)
FNF:24
FNH:1
FNDA:1,(anonymous_0)
FNDA:0,BpaService
FNDA:0,(anonymous_2)
FNDA:0,(anonymous_3)
FNDA:0,(anonymous_4)
FNDA:0,(anonymous_5)
FNDA:0,(anonymous_6)
FNDA:0,(anonymous_7)
FNDA:0,(anonymous_8)
FNDA:0,(anonymous_9)
FNDA:0,(anonymous_10)
FNDA:0,(anonymous_11)
FNDA:0,(anonymous_12)
FNDA:0,(anonymous_13)
FNDA:0,(anonymous_14)
FNDA:0,(anonymous_15)
FNDA:0,(anonymous_16)
FNDA:0,(anonymous_17)
FNDA:0,(anonymous_18)
FNDA:0,(anonymous_19)
FNDA:0,(anonymous_20)
FNDA:0,(anonymous_21)
FNDA:0,(anonymous_22)
FNDA:0,(anonymous_23)
DA:8,1
DA:11,0
DA:12,0
DA:14,0
DA:15,0
DA:16,0
DA:17,0
DA:32,0
DA:33,0
DA:36,0
DA:37,0
DA:44,1
DA:45,0
DA:49,1
DA:51,0
DA:52,0
DA:53,0
DA:54,0
DA:55,0
DA:57,0
DA:58,0
DA:59,0
DA:60,0
DA:63,0
DA:68,0
DA:72,1
DA:74,0
DA:79,0
DA:83,1
DA:84,0
DA:92,0
DA:93,0
DA:97,1
DA:98,0
DA:102,1
DA:103,0
DA:107,1
DA:108,0
DA:115,0
DA:119,1
DA:120,0
DA:127,0
DA:131,1
DA:132,0
DA:137,0
DA:141,1
DA:142,0
DA:148,0
DA:152,1
DA:154,0
DA:159,0
DA:163,1
DA:165,0
DA:170,0
DA:174,1
DA:175,0
DA:180,0
DA:184,1
DA:185,0
DA:191,0
DA:195,1
DA:196,0
DA:197,0
DA:200,1
DA:201,0
DA:202,0
DA:206,1
DA:207,0
DA:214,1
DA:216,0
DA:223,0
DA:227,1
DA:228,0
DA:232,1
DA:234,0
DA:239,0
DA:242,1
DA:243,0
DA:247,1
DA:248,0
DA:250,1
LF:81
LH:24
BRDA:51,0,0,0
BRDA:51,0,1,0
BRF:2
BRH:0
end_of_record
