TN:
SF:C:\Users\vik2\Documents\Project BPA\bpa\src\polyfills.ts
FNF:0
FNH:0
LF:0
LH:0
BRF:0
BRH:0
end_of_record
TN:
SF:C:\Users\vik2\Documents\Project BPA\bpa\src\test.ts
FNF:0
FNH:0
DA:13,1
DA:18,1
DA:20,1
LF:3
LH:3
BRF:0
BRH:0
end_of_record
TN:
SF:C:\Users\vik2\Documents\Project BPA\bpa\src\app\components\device-manager\device-manager.component.ts
FN:14,(anonymous_0)
FN:15,DeviceManagerComponent
FN:46,(anonymous_2)
FN:78,(anonymous_3)
FN:79,(anonymous_4)
FN:83,(anonymous_5)
FN:101,(anonymous_6)
FN:133,(anonymous_7)
FN:143,(anonymous_8)
FN:174,(anonymous_9)
FN:190,(anonymous_10)
FN:195,(anonymous_11)
FN:202,(anonymous_12)
FN:206,(anonymous_13)
FN:210,(anonymous_14)
FNF:15
FNH:14
FNDA:1,(anonymous_0)
FNDA:10,DeviceManagerComponent
FNDA:10,(anonymous_2)
FNDA:11,(anonymous_3)
FNDA:11,(anonymous_4)
FNDA:22,(anonymous_5)
FNDA:2,(anonymous_6)
FNDA:2,(anonymous_7)
FNDA:2,(anonymous_8)
FNDA:2,(anonymous_9)
FNDA:1,(anonymous_10)
FNDA:1,(anonymous_11)
FNDA:0,(anonymous_12)
FNDA:1,(anonymous_13)
FNDA:1,(anonymous_14)
DA:14,1
DA:15,10
DA:29,10
DA:30,10
DA:34,10
DA:46,1
DA:48,10
DA:70,10
DA:75,10
DA:78,11
DA:79,11
DA:81,11
DA:82,11
DA:83,11
DA:84,22
DA:101,1
DA:103,2
DA:104,2
DA:130,2
DA:133,2
DA:135,2
DA:136,2
DA:143,2
DA:144,2
DA:145,2
DA:168,2
DA:174,1
DA:175,2
DA:176,2
DA:186,2
DA:187,2
DA:190,1
DA:191,1
DA:192,1
DA:195,1
DA:197,1
DA:198,1
DA:199,1
DA:202,1
DA:203,0
DA:206,1
DA:207,1
DA:208,0
DA:210,1
DA:211,1
DA:212,1
DA:213,1
DA:235,1
LF:48
LH:46
BRDA:207,0,0,0
BRDA:207,0,1,1
BRDA:211,1,0,1
BRDA:211,1,1,0
BRF:4
BRH:2
end_of_record
TN:
SF:C:\Users\vik2\Documents\Project BPA\bpa\src\app\components\utils\device-manager-icon\device-manager-icon.component.ts
FN:10,(anonymous_0)
FN:12,DeviceManagerIconComponent
FN:16,(anonymous_2)
FN:20,(anonymous_3)
FN:24,(anonymous_4)
FN:34,(anonymous_5)
FN:44,(anonymous_6)
FN:54,(anonymous_7)
FNF:8
FNH:1
FNDA:1,(anonymous_0)
FNDA:0,DeviceManagerIconComponent
FNDA:0,(anonymous_2)
FNDA:0,(anonymous_3)
FNDA:0,(anonymous_4)
FNDA:0,(anonymous_5)
FNDA:0,(anonymous_6)
FNDA:0,(anonymous_7)
DA:10,1
DA:16,1
DA:17,0
DA:20,1
DA:21,0
DA:24,1
DA:25,0
DA:26,0
DA:29,0
DA:34,1
DA:35,0
DA:36,0
DA:39,0
DA:44,1
DA:45,0
DA:46,0
DA:49,0
DA:54,1
DA:57,1
LF:19
LH:8
BRDA:25,0,0,0
BRDA:25,0,1,0
BRDA:35,1,0,0
BRDA:35,1,1,0
BRDA:45,2,0,0
BRDA:45,2,1,0
BRF:6
BRH:0
end_of_record
TN:
SF:C:\Users\vik2\Documents\Project BPA\bpa\src\app\components\utils\modal\modal.component.ts
FN:22,(anonymous_0)
FN:29,ModalComponent
FN:31,(anonymous_2)
FN:37,(anonymous_3)
FNF:4
FNH:3
FNDA:1,(anonymous_0)
FNDA:10,ModalComponent
FNDA:10,(anonymous_2)
FNDA:0,(anonymous_3)
DA:22,1
DA:24,1
DA:25,1
DA:26,10
DA:27,10
DA:31,1
DA:32,10
DA:33,0
DA:37,1
DA:38,0
DA:40,1
LF:11
LH:9
BRDA:32,0,0,0
BRDA:32,0,1,10
BRF:2
BRH:1
end_of_record
TN:
SF:C:\Users\vik2\Documents\Project BPA\bpa\src\app\components\utils\user-actions-download-csv\user-actions-download-csv.component.ts
FN:10,(anonymous_0)
FN:12,UserActionsDownloadCsvComponent
FN:14,(anonymous_2)
FN:17,(anonymous_3)
FN:21,(anonymous_4)
FN:24,(anonymous_5)
FNF:6
FNH:4
FNDA:1,(anonymous_0)
FNDA:1,UserActionsDownloadCsvComponent
FNDA:1,(anonymous_2)
FNDA:0,(anonymous_3)
FNDA:1,(anonymous_4)
FNDA:0,(anonymous_5)
DA:10,1
DA:14,1
DA:15,1
DA:17,1
DA:18,0
DA:21,1
DA:24,1
DA:25,0
DA:28,1
LF:9
LH:7
BRF:0
BRH:0
end_of_record
TN:
SF:C:\Users\vik2\Documents\Project BPA\bpa\src\app\service\bpa.service.ts
FN:8,(anonymous_0)
FN:31,BpaService
FN:43,(anonymous_2)
FN:48,(anonymous_3)
FN:71,(anonymous_4)
FN:82,(anonymous_5)
FN:96,(anonymous_6)
FN:101,(anonymous_7)
FN:106,(anonymous_8)
FN:118,(anonymous_9)
FN:130,(anonymous_10)
FN:140,(anonymous_11)
FN:151,(anonymous_12)
FN:162,(anonymous_13)
FN:173,(anonymous_14)
FN:183,(anonymous_15)
FN:194,(anonymous_16)
FN:199,(anonymous_17)
FN:205,(anonymous_18)
FN:213,(anonymous_19)
FN:226,(anonymous_20)
FN:235,(anonymous_21)
FN:240,(anonymous_22)
FN:250,(anonymous_23)
FN:255,(anonymous_24)
FNF:25
FNH:1
FNDA:1,(anonymous_0)
FNDA:0,BpaService
FNDA:0,(anonymous_2)
FNDA:0,(anonymous_3)
FNDA:0,(anonymous_4)
FNDA:0,(anonymous_5)
FNDA:0,(anonymous_6)
FNDA:0,(anonymous_7)
FNDA:0,(anonymous_8)
FNDA:0,(anonymous_9)
FNDA:0,(anonymous_10)
FNDA:0,(anonymous_11)
FNDA:0,(anonymous_12)
FNDA:0,(anonymous_13)
FNDA:0,(anonymous_14)
FNDA:0,(anonymous_15)
FNDA:0,(anonymous_16)
FNDA:0,(anonymous_17)
FNDA:0,(anonymous_18)
FNDA:0,(anonymous_19)
FNDA:0,(anonymous_20)
FNDA:0,(anonymous_21)
FNDA:0,(anonymous_22)
FNDA:0,(anonymous_23)
FNDA:0,(anonymous_24)
DA:8,1
DA:11,0
DA:12,0
DA:14,0
DA:15,0
DA:16,0
DA:17,0
DA:32,0
DA:35,0
DA:36,0
DA:43,1
DA:44,0
DA:48,1
DA:50,0
DA:51,0
DA:52,0
DA:53,0
DA:54,0
DA:56,0
DA:57,0
DA:58,0
DA:59,0
DA:62,0
DA:67,0
DA:71,1
DA:73,0
DA:78,0
DA:82,1
DA:83,0
DA:91,0
DA:92,0
DA:96,1
DA:97,0
DA:101,1
DA:102,0
DA:106,1
DA:107,0
DA:114,0
DA:118,1
DA:119,0
DA:126,0
DA:130,1
DA:131,0
DA:136,0
DA:140,1
DA:141,0
DA:147,0
DA:151,1
DA:153,0
DA:158,0
DA:162,1
DA:164,0
DA:169,0
DA:173,1
DA:174,0
DA:179,0
DA:183,1
DA:184,0
DA:190,0
DA:194,1
DA:195,0
DA:196,0
DA:199,1
DA:200,0
DA:201,0
DA:205,1
DA:206,0
DA:213,1
DA:215,0
DA:222,0
DA:226,1
DA:228,0
DA:231,0
DA:235,1
DA:236,0
DA:240,1
DA:242,0
DA:247,0
DA:250,1
DA:251,0
DA:255,1
DA:256,0
DA:258,1
LF:83
LH:25
BRDA:50,0,0,0
BRDA:50,0,1,0
BRF:2
BRH:0
end_of_record
